<?xml version="1.0" encoding="UTF-8"?>
<testng-results skipped="0" failed="0" total="1" passed="1">
  <reporter-output>
  </reporter-output>
  <suite name="Suite" duration-ms="35661" started-at="2021-09-06T03:45:22Z" finished-at="2021-09-06T03:45:58Z">
    <groups>
      <group name="cucumber">
        <method signature="AbstractTestNGCucumberTests.feature(cucumber.api.testng.CucumberFeatureWrapper)[pri:0, instance:com.mindtree.BDD_Cucumber.Runner.TestRunner@49c386c8]" name="feature" class="cucumber.api.testng.AbstractTestNGCucumberTests"/>
      </group> <!-- cucumber -->
    </groups>
    <test name="Test" duration-ms="35661" started-at="2021-09-06T03:45:22Z" finished-at="2021-09-06T03:45:58Z">
      <class name="com.mindtree.BDD_Cucumber.Runner.TestRunner">
        <test-method status="PASS" signature="setUpClass()[pri:0, instance:com.mindtree.BDD_Cucumber.Runner.TestRunner@49c386c8]" name="setUpClass" is-config="true" duration-ms="466" started-at="2021-09-06T09:15:22Z" finished-at="2021-09-06T09:15:23Z">
          <reporter-output>
          </reporter-output>
        </test-method> <!-- setUpClass -->
        <test-method status="PASS" signature="feature(cucumber.api.testng.CucumberFeatureWrapper)[pri:0, instance:com.mindtree.BDD_Cucumber.Runner.TestRunner@49c386c8]" name="feature" duration-ms="35047" started-at="2021-09-06T09:15:23Z" description="Runs Cucumber Feature" data-provider="features" finished-at="2021-09-06T09:15:58Z">
          <params>
            <param index="0">
              <value>
                <![CDATA[Flight Booking]]>
              </value>
            </param>
          </params>
          <reporter-output>
          </reporter-output>
        </test-method> <!-- feature -->
        <test-method status="PASS" signature="tearDownClass()[pri:0, instance:com.mindtree.BDD_Cucumber.Runner.TestRunner@49c386c8]" name="tearDownClass" is-config="true" duration-ms="5" started-at="2021-09-06T09:15:58Z" finished-at="2021-09-06T09:15:58Z">
          <reporter-output>
          </reporter-output>
        </test-method> <!-- tearDownClass -->
      </class> <!-- com.mindtree.BDD_Cucumber.Runner.TestRunner -->
    </test> <!-- Test -->
  </suite> <!-- Suite -->
</testng-results>
